<?xml version="1.0" encoding="UTF-8"?>
<!-- Generated by org.testng.reporters.JUnitReportReporter -->
<testsuite hostname="ashishchander" failures="0" tests="2" name="TestCase1" time="0.009" errors="0" timestamp="2023-03-01T23:36:10 IST" skipped="0">
  <testcase classname="TestCase1" name="Testcase2" time="0.001"/>
  <system-out/>
  <testcase classname="TestCase1" name="Testcase1" time="0.008"/>
  <system-out/>
</testsuite> <!-- TestCase1 -->
